[INFO] [2016-07-14 17:17:04][org.springframework.beans.factory.xml.XmlBeanDefinitionReader]Loading XML bean definitions from class path resource [spring-mybatis.xml]
[INFO] [2016-07-14 17:17:04][org.springframework.context.support.GenericApplicationContext]Refreshing org.springframework.context.support.GenericApplicationContext@c540f5a: startup date [Thu Jul 14 17:17:04 CST 2016]; root of context hierarchy
[INFO] [2016-07-14 17:17:04][org.springframework.beans.factory.config.PropertyPlaceholderConfigurer]Loading properties file from class path resource [jdbc.properties]
[INFO] [2016-07-14 17:17:04][org.springframework.beans.factory.annotation.AutowiredAnnotationBeanPostProcessor]JSR-330 'javax.inject.Inject' annotation found and supported for autowiring
[INFO] [2016-07-14 17:17:13][org.springframework.beans.factory.xml.XmlBeanDefinitionReader]Loading XML bean definitions from class path resource [org/springframework/jdbc/support/sql-error-codes.xml]
[INFO] [2016-07-14 17:17:13][org.springframework.jdbc.support.SQLErrorCodesFactory]SQLErrorCodes loaded: [DB2, Derby, H2, HSQL, Informix, MS-SQL, MySQL, Oracle, PostgreSQL, Sybase]
[INFO] [2016-07-14 17:17:37][org.springframework.context.support.GenericApplicationContext]Closing org.springframework.context.support.GenericApplicationContext@c540f5a: startup date [Thu Jul 14 17:17:04 CST 2016]; root of context hierarchy
[INFO] [2016-07-14 17:18:06][org.springframework.beans.factory.xml.XmlBeanDefinitionReader]Loading XML bean definitions from class path resource [spring-mybatis.xml]
[INFO] [2016-07-14 17:18:07][org.springframework.context.support.GenericApplicationContext]Refreshing org.springframework.context.support.GenericApplicationContext@2c6a3f77: startup date [Thu Jul 14 17:18:07 CST 2016]; root of context hierarchy
[INFO] [2016-07-14 17:18:07][org.springframework.beans.factory.config.PropertyPlaceholderConfigurer]Loading properties file from class path resource [jdbc.properties]
[INFO] [2016-07-14 17:18:07][org.springframework.beans.factory.annotation.AutowiredAnnotationBeanPostProcessor]JSR-330 'javax.inject.Inject' annotation found and supported for autowiring
[INFO] [2016-07-14 17:18:08][org.springframework.beans.factory.xml.XmlBeanDefinitionReader]Loading XML bean definitions from class path resource [org/springframework/jdbc/support/sql-error-codes.xml]
[INFO] [2016-07-14 17:18:08][org.springframework.jdbc.support.SQLErrorCodesFactory]SQLErrorCodes loaded: [DB2, Derby, H2, HSQL, Informix, MS-SQL, MySQL, Oracle, PostgreSQL, Sybase]
[INFO] [2016-07-14 17:18:08][org.springframework.context.support.GenericApplicationContext]Closing org.springframework.context.support.GenericApplicationContext@2c6a3f77: startup date [Thu Jul 14 17:18:07 CST 2016]; root of context hierarchy
[INFO] [2016-07-14 17:18:57][org.springframework.beans.factory.xml.XmlBeanDefinitionReader]Loading XML bean definitions from class path resource [spring-mybatis.xml]
[INFO] [2016-07-14 17:18:58][org.springframework.context.support.GenericApplicationContext]Refreshing org.springframework.context.support.GenericApplicationContext@c540f5a: startup date [Thu Jul 14 17:18:58 CST 2016]; root of context hierarchy
[INFO] [2016-07-14 17:18:58][org.springframework.beans.factory.config.PropertyPlaceholderConfigurer]Loading properties file from class path resource [jdbc.properties]
[INFO] [2016-07-14 17:18:58][org.springframework.beans.factory.annotation.AutowiredAnnotationBeanPostProcessor]JSR-330 'javax.inject.Inject' annotation found and supported for autowiring
[INFO] [2016-07-14 17:18:59][org.springframework.beans.factory.xml.XmlBeanDefinitionReader]Loading XML bean definitions from class path resource [org/springframework/jdbc/support/sql-error-codes.xml]
[INFO] [2016-07-14 17:18:59][org.springframework.jdbc.support.SQLErrorCodesFactory]SQLErrorCodes loaded: [DB2, Derby, H2, HSQL, Informix, MS-SQL, MySQL, Oracle, PostgreSQL, Sybase]
[INFO] [2016-07-14 17:18:59][org.springframework.context.support.GenericApplicationContext]Closing org.springframework.context.support.GenericApplicationContext@c540f5a: startup date [Thu Jul 14 17:18:58 CST 2016]; root of context hierarchy
[INFO] [2016-07-14 17:21:06][org.springframework.beans.factory.xml.XmlBeanDefinitionReader]Loading XML bean definitions from class path resource [spring-mybatis.xml]
[INFO] [2016-07-14 17:21:07][org.springframework.context.support.GenericApplicationContext]Refreshing org.springframework.context.support.GenericApplicationContext@c540f5a: startup date [Thu Jul 14 17:21:07 CST 2016]; root of context hierarchy
[INFO] [2016-07-14 17:21:07][org.springframework.beans.factory.config.PropertyPlaceholderConfigurer]Loading properties file from class path resource [jdbc.properties]
[INFO] [2016-07-14 17:21:07][org.springframework.beans.factory.annotation.AutowiredAnnotationBeanPostProcessor]JSR-330 'javax.inject.Inject' annotation found and supported for autowiring
[INFO] [2016-07-14 17:21:39][org.springframework.beans.factory.xml.XmlBeanDefinitionReader]Loading XML bean definitions from class path resource [org/springframework/jdbc/support/sql-error-codes.xml]
[INFO] [2016-07-14 17:21:39][org.springframework.jdbc.support.SQLErrorCodesFactory]SQLErrorCodes loaded: [DB2, Derby, H2, HSQL, Informix, MS-SQL, MySQL, Oracle, PostgreSQL, Sybase]
[INFO] [2016-07-14 17:24:07][org.springframework.beans.factory.xml.XmlBeanDefinitionReader]Loading XML bean definitions from class path resource [spring-mybatis.xml]
[INFO] [2016-07-14 17:24:07][org.springframework.context.support.GenericApplicationContext]Refreshing org.springframework.context.support.GenericApplicationContext@c540f5a: startup date [Thu Jul 14 17:24:07 CST 2016]; root of context hierarchy
[INFO] [2016-07-14 17:24:07][org.springframework.beans.factory.config.PropertyPlaceholderConfigurer]Loading properties file from class path resource [jdbc.properties]
[INFO] [2016-07-14 17:24:07][org.springframework.beans.factory.annotation.AutowiredAnnotationBeanPostProcessor]JSR-330 'javax.inject.Inject' annotation found and supported for autowiring
[INFO] [2016-07-14 17:25:05][org.springframework.context.support.GenericApplicationContext]Closing org.springframework.context.support.GenericApplicationContext@c540f5a: startup date [Thu Jul 14 17:24:07 CST 2016]; root of context hierarchy
